<?xml version="1.0" encoding="UTF-8"?>
<testng-results ignored="0" total="1" passed="1" failed="0" skipped="0">
  <reporter-output>
  </reporter-output>
  <suite started-at="2021-03-09T09:51:30 COT" name="Default suite" finished-at="2021-03-09T09:51:40 COT" duration-ms="9905">
    <groups>
    </groups>
    <test started-at="2021-03-09T09:51:30 COT" name="Default test" finished-at="2021-03-09T09:51:40 COT" duration-ms="9905">
      <class name="VerifyWordPressLogin.verifyWordPressLogin">
        <test-method signature="VerifyWPLogin()[pri:0, instance:VerifyWordPressLogin.verifyWordPressLogin@1d8bd0de]" started-at="2021-03-09T09:51:30 COT" name="VerifyWPLogin" finished-at="2021-03-09T09:51:40 COT" duration-ms="9877" status="PASS">
          <reporter-output>
          </reporter-output>
        </test-method> <!-- VerifyWPLogin -->
      </class> <!-- VerifyWordPressLogin.verifyWordPressLogin -->
    </test> <!-- Default test -->
  </suite> <!-- Default suite -->
</testng-results>
