<?xml version="1.0" encoding="UTF-8"?>
<testng-results ignored="0" total="1" passed="1" failed="0" skipped="0">
  <reporter-output>
  </reporter-output>
  <suite started-at="2021-03-07T16:23:13 COT" name="Default suite" finished-at="2021-03-07T16:23:21 COT" duration-ms="7279">
    <groups>
    </groups>
    <test started-at="2021-03-07T16:23:13 COT" name="Default test" finished-at="2021-03-07T16:23:21 COT" duration-ms="7279">
      <class name="selectDropDownList.DropDownList_III">
        <test-method signature="SelectDDValues()[pri:0, instance:selectDropDownList.DropDownList_III@1fb700ee]" started-at="2021-03-07T16:23:13 COT" name="SelectDDValues" finished-at="2021-03-07T16:23:20 COT" duration-ms="7240" status="PASS">
          <reporter-output>
          </reporter-output>
        </test-method> <!-- SelectDDValues -->
      </class> <!-- selectDropDownList.DropDownList_III -->
    </test> <!-- Default test -->
  </suite> <!-- Default suite -->
</testng-results>
